<?xml version="1.0" encoding="utf-8" ?>
<!DOCTYPE html PUBLIC "-//W3C//DTD XHTML 1.0 Strict//EN"
        "http://www.w3.org/TR/xhtml1/DTD/xhtml1-strict.dtd">
<html xmlns="http://www.w3.org/1999/xhtml" xml:lang="" lang="">
<head>
  <title>Test Results Report - smokeTest</title>
  <meta http-equiv="Content-Type" content="text/html;charset=utf-8" />
  <meta name="description" content="TestNG unit test results." />
  <link href="reportng.css" rel="stylesheet" type="text/css" />
    <script type="text/javascript" src="reportng.js"></script>
</head>
<body>
<h1>smokeTest</h1>
<p>
  Test duration: 79.310s
</p>



  <table class="resultsTable">
    <tr><th colspan="3" class="header failed">Failed Tests</th></tr>
          <tr>
        <td colspan="3" class="group">smoke.b.qccr.AccoutInfoAddAddress_NormalTest</td>
      </tr>
            
<tr>
  <td class="method">
                  testAddDB
      </td>
  <td class="duration">
    33.310s
  </td>
  <td class="result">
        
          <i>Method arguments: </i><span class="arguments">"add_address_002", "æ·»åŠ åœ°å€DBä¿¡æ¯", "uiauto", "13213213213", "è¥¿æ¹–è·?111å?"</span><br />
    
        

        <a href="javascript:toggleElement('exception-0', 'block')" title="Click to expand/collapse"><b>java.lang.AssertionError: Êı¾İ¿â--ÊÕ»õµØÖ·Ìí¼ÓÊ§°Ü expected [true] but found [false]</b></a><br />
    <div class="stackTrace" id="exception-0">
              org.testng.Assert.fail(Assert.java:94)<br />
              org.testng.Assert.failNotEquals(Assert.java:494)<br />
              org.testng.Assert.assertTrue(Assert.java:42)<br />
              com.common.ats.Assert.AtsAssertUtils.assertTrue(AtsAssertUtils.java:50)<br />
              smoke.b.qccr.AccoutInfoAddAddress_NormalTest.testAddDB(AccoutInfoAddAddress_NormalTest.java:55)<br />
              sun.reflect.NativeMethodAccessorImpl.invoke0(Native Method)<br />
              sun.reflect.NativeMethodAccessorImpl.invoke(NativeMethodAccessorImpl.java:62)<br />
              sun.reflect.DelegatingMethodAccessorImpl.invoke(DelegatingMethodAccessorImpl.java:43)<br />
              java.lang.reflect.Method.invoke(Method.java:497)<br />
              org.testng.internal.MethodInvocationHelper.invokeMethod(MethodInvocationHelper.java:84)<br />
              org.testng.internal.Invoker.invokeMethod(Invoker.java:714)<br />
              org.testng.internal.Invoker.invokeTestMethod(Invoker.java:901)<br />
              org.testng.internal.Invoker.invokeTestMethods(Invoker.java:1231)<br />
              org.testng.internal.TestMethodWorker.invokeTestMethods(TestMethodWorker.java:127)<br />
              org.testng.internal.TestMethodWorker.run(TestMethodWorker.java:111)<br />
              org.testng.TestRunner.privateRun(TestRunner.java:767)<br />
              org.testng.TestRunner.run(TestRunner.java:617)<br />
              org.testng.SuiteRunner.runTest(SuiteRunner.java:334)<br />
              org.testng.SuiteRunner.runSequentially(SuiteRunner.java:329)<br />
              org.testng.SuiteRunner.privateRun(SuiteRunner.java:291)<br />
              org.testng.SuiteRunner.run(SuiteRunner.java:240)<br />
              org.testng.SuiteRunnerWorker.runSuite(SuiteRunnerWorker.java:52)<br />
              org.testng.SuiteRunnerWorker.run(SuiteRunnerWorker.java:86)<br />
              org.testng.TestNG.runSuitesSequentially(TestNG.java:1224)<br />
              org.testng.TestNG.runSuitesLocally(TestNG.java:1149)<br />
              org.testng.TestNG.run(TestNG.java:1057)<br />
              org.apache.maven.surefire.testng.TestNGExecutor.run(TestNGExecutor.java:281)<br />
              org.apache.maven.surefire.testng.TestNGXmlTestSuite.execute(TestNGXmlTestSuite.java:75)<br />
              org.apache.maven.surefire.testng.TestNGProvider.invoke(TestNGProvider.java:121)<br />
              org.apache.maven.surefire.booter.ForkedBooter.invokeProviderInSameClassLoader(ForkedBooter.java:290)<br />
              org.apache.maven.surefire.booter.ForkedBooter.runSuitesInProcess(ForkedBooter.java:242)<br />
              org.apache.maven.surefire.booter.ForkedBooter.main(ForkedBooter.java:121)<br />
                </div>
      </td>
</tr>
          <tr>
        <td colspan="3" class="group">smoke.b.qccr.AccoutInfo_NormalTest</td>
      </tr>
            
<tr>
  <td class="method">
                  storeContect
      </td>
  <td class="duration">
    0.098s
  </td>
  <td class="result">
        
          <i>Method arguments: </i><span class="arguments">"AccoutInfo_001", "é—¨åº—è”ç³»æ–¹å¼"</span><br />
    
        

        <a href="javascript:toggleElement('exception-1', 'block')" title="Click to expand/collapse"><b>java.lang.AssertionError: ÃÅµêÁªÏµ·½Ê½ĞÅÏ¢²»Ò»ÖÂ expected [15111111665] but found [15111111665<br/>
0571-86044433]</b></a><br />
    <div class="stackTrace" id="exception-1">
              org.testng.Assert.fail(Assert.java:94)<br />
              org.testng.Assert.failNotEquals(Assert.java:494)<br />
              org.testng.Assert.assertEquals(Assert.java:123)<br />
              org.testng.Assert.assertEquals(Assert.java:176)<br />
              com.common.ats.Assert.AtsAssertUtils.assertEquals(AtsAssertUtils.java:33)<br />
              smoke.b.qccr.AccoutInfo_NormalTest.storeContect(AccoutInfo_NormalTest.java:50)<br />
              sun.reflect.NativeMethodAccessorImpl.invoke0(Native Method)<br />
              sun.reflect.NativeMethodAccessorImpl.invoke(NativeMethodAccessorImpl.java:62)<br />
              sun.reflect.DelegatingMethodAccessorImpl.invoke(DelegatingMethodAccessorImpl.java:43)<br />
              java.lang.reflect.Method.invoke(Method.java:497)<br />
              org.testng.internal.MethodInvocationHelper.invokeMethod(MethodInvocationHelper.java:84)<br />
              org.testng.internal.Invoker.invokeMethod(Invoker.java:714)<br />
              org.testng.internal.Invoker.invokeTestMethod(Invoker.java:901)<br />
              org.testng.internal.Invoker.invokeTestMethods(Invoker.java:1231)<br />
              org.testng.internal.TestMethodWorker.invokeTestMethods(TestMethodWorker.java:127)<br />
              org.testng.internal.TestMethodWorker.run(TestMethodWorker.java:111)<br />
              org.testng.TestRunner.privateRun(TestRunner.java:767)<br />
              org.testng.TestRunner.run(TestRunner.java:617)<br />
              org.testng.SuiteRunner.runTest(SuiteRunner.java:334)<br />
              org.testng.SuiteRunner.runSequentially(SuiteRunner.java:329)<br />
              org.testng.SuiteRunner.privateRun(SuiteRunner.java:291)<br />
              org.testng.SuiteRunner.run(SuiteRunner.java:240)<br />
              org.testng.SuiteRunnerWorker.runSuite(SuiteRunnerWorker.java:52)<br />
              org.testng.SuiteRunnerWorker.run(SuiteRunnerWorker.java:86)<br />
              org.testng.TestNG.runSuitesSequentially(TestNG.java:1224)<br />
              org.testng.TestNG.runSuitesLocally(TestNG.java:1149)<br />
              org.testng.TestNG.run(TestNG.java:1057)<br />
              org.apache.maven.surefire.testng.TestNGExecutor.run(TestNGExecutor.java:281)<br />
              org.apache.maven.surefire.testng.TestNGXmlTestSuite.execute(TestNGXmlTestSuite.java:75)<br />
              org.apache.maven.surefire.testng.TestNGProvider.invoke(TestNGProvider.java:121)<br />
              org.apache.maven.surefire.booter.ForkedBooter.invokeProviderInSameClassLoader(ForkedBooter.java:290)<br />
              org.apache.maven.surefire.booter.ForkedBooter.runSuitesInProcess(ForkedBooter.java:242)<br />
              org.apache.maven.surefire.booter.ForkedBooter.main(ForkedBooter.java:121)<br />
                </div>
      </td>
</tr>
      </table>


  <table class="resultsTable">
    <tr><th colspan="3" class="header passed">Passed Tests</th></tr>
          <tr>
        <td colspan="3" class="group">smoke.b.qccr.AccoutInfoReceiveGoodsAddressr_NormalTest</td>
      </tr>
            
<tr>
  <td class="method">
                  testAddPage
      </td>
  <td class="duration">
    5.764s
  </td>
  <td class="result">
        
          <i>Method arguments: </i><span class="arguments">"add_address_001", "æ·»åŠ æ”¶è´§åœ°å€pageä¿¡æ¯", "uiauto"</span><br />
    
        

      </td>
</tr>
          <tr>
        <td colspan="3" class="group">smoke.b.qccr.AccoutInfo_NormalTest</td>
      </tr>
            
<tr>
  <td class="method">
                  storeAddress
      </td>
  <td class="duration">
    4.925s
  </td>
  <td class="result">
        
          <i>Method arguments: </i><span class="arguments">"AccoutInfo_005", "é—¨åº—åœ°å€"</span><br />
    
        

      </td>
</tr>
<tr>
  <td class="method">
                  yingYeOverTime
      </td>
  <td class="duration">
    0.034s
  </td>
  <td class="result">
        
          <i>Method arguments: </i><span class="arguments">"AccoutInfo_003", "è¥ä¸šç»“æŸæ—¶é—´"</span><br />
    
        

      </td>
</tr>
<tr>
  <td class="method">
                  yingYeStartTime
      </td>
  <td class="duration">
    0.038s
  </td>
  <td class="result">
        
          <i>Method arguments: </i><span class="arguments">"AccoutInfo_002", "è¥ä¸šå¼?å§‹æ—¶é—?"</span><br />
    
        

      </td>
</tr>
<tr>
  <td class="method">
                  yingYeStatus
      </td>
  <td class="duration">
    0.352s
  </td>
  <td class="result">
        
          <i>Method arguments: </i><span class="arguments">"AccoutInfo_004", "è¥ä¸šçŠ¶æ??"</span><br />
    
        

      </td>
</tr>
          <tr>
        <td colspan="3" class="group">smoke.b.qccr.GoodsList_NormalTest</td>
      </tr>
            
<tr>
  <td class="method">
                  testExist
      </td>
  <td class="duration">
    4.504s
  </td>
  <td class="result">
        
          <i>Method arguments: </i><span class="arguments">"GoodsList_01", "å•†å“åˆ—è¡¨æ˜¯å¦ä¸ºç©º"</span><br />
    
        

      </td>
</tr>
<tr>
  <td class="method">
                  testProductName
      </td>
  <td class="duration">
    3.813s
  </td>
  <td class="result">
        
          <i>Method arguments: </i><span class="arguments">"GoodsList_02", "å•†å“åç§°æ˜¯å¦ä¸?è‡?"</span><br />
    
        

      </td>
</tr>
          <tr>
        <td colspan="3" class="group">smoke.b.qccr.ShoppingCart_NormalTest</td>
      </tr>
            
<tr>
  <td class="method">
                  testProductName
      </td>
  <td class="duration">
    6.129s
  </td>
  <td class="result">
        
          <i>Method arguments: </i><span class="arguments">"shoppingCart_01", "éªŒè¯è´­ç‰©è½¦å•†å“åç§?"</span><br />
    
        

      </td>
</tr>
<tr>
  <td class="method">
                  testProductNum
      </td>
  <td class="duration">
    0.499s
  </td>
  <td class="result">
        
          <i>Method arguments: </i><span class="arguments">"shoppingCart_02", "éªŒè¯è´­ç‰©è½¦å•†å“æ•°é‡?"</span><br />
    
        

      </td>
</tr>
<tr>
  <td class="method">
                  testProductPrice
      </td>
  <td class="duration">
    0.780s
  </td>
  <td class="result">
        
          <i>Method arguments: </i><span class="arguments">"shoppingCart_03", "éªŒè¯è´­ç‰©è½¦å•†å“ä»·æ ?"</span><br />
    
        

      </td>
</tr>
      </table>
  
</body>
</html>
