<?xml version="1.0" encoding="UTF-8"?>
<!-- Generated by org.testng.reporters.JUnitXMLReporter -->
<testsuite hostname="TWL20160304004" name="performance test B" tests="1" failures="1" timestamp="2 Dec 2016 01:49:00 GMT" time="41.905" errors="0">
  <testcase name="b_performance" time="22.057" classname="qccr.performance.b.PerformanceClientB">
    <failure type="org.openqa.selenium.NoSuchElementException" message="An element could not be located on the page using the given search parameters. (WARNING: The server did not provide any stacktrace information)
Command duration or timeout: 10.33 seconds
For documentation on this error, please visit: http://seleniumhq.org/exceptions/no_such_element.html
Build info: version: &amp;apos;2.48.2&amp;apos;, revision: &amp;apos;41bccdd10cf2c0560f637404c2d96164b67d9d67&amp;apos;, time: &amp;apos;2015-10-09 13:08:06&amp;apos;
System info: host: &amp;apos;TWL20160304004&amp;apos;, ip: &amp;apos;10.10.20.89&amp;apos;, os.name: &amp;apos;Windows 10&amp;apos;, os.arch: &amp;apos;amd64&amp;apos;, os.version: &amp;apos;10.0&amp;apos;, java.version: &amp;apos;1.8.0_77&amp;apos;
Driver info: io.appium.java_client.android.AndroidDriver
Capabilities [{app=D:/Work/apks/BApp_2.apk, networkConnectionEnabled=true, setWebContentsDebuggingEnabled=true, noReset=true, warnings={}, databaseEnabled=false, deviceName=7N2SQL151H030980, ignoreUnimportantViews=true, platform=LINUX, desired={app=D:/Work/apks/BApp_2.apk, setWebContentsDebuggingEnabled=true, noReset=true, newCommandTimeout=300, unicodeKeyboard=true, platformName=Android, deviceName=eda6d8a9, resetKeyboard=true, ignoreUnimportantViews=true}, newCommandTimeout=300, platformVersion=5.1.1, webStorageEnabled=false, locationContextEnabled=false, browserName=Android, takesScreenshot=true, javascriptEnabled=true, unicodeKeyboard=true, platformName=Android, resetKeyboard=true}]
Session ID: 115b3fc3-e913-49a0-8751-3acf959a9a55
*** Element info: {Using=-android uiautomator, value=new UiSelector().resourceId(&amp;quot;com.twl.qichechaoren_business:id/bt_pay&amp;quot;).instance(0)}">
      <![CDATA[org.openqa.selenium.NoSuchElementException: An element could not be located on the page using the given search parameters. (WARNING: The server did not provide any stacktrace information)
Command duration or timeout: 10.33 seconds
For documentation on this error, please visit: http://seleniumhq.org/exceptions/no_such_element.html
Build info: version: '2.48.2', revision: '41bccdd10cf2c0560f637404c2d96164b67d9d67', time: '2015-10-09 13:08:06'
System info: host: 'TWL20160304004', ip: '10.10.20.89', os.name: 'Windows 10', os.arch: 'amd64', os.version: '10.0', java.version: '1.8.0_77'
Driver info: io.appium.java_client.android.AndroidDriver
Capabilities [{app=D:/Work/apks/BApp_2.apk, networkConnectionEnabled=true, setWebContentsDebuggingEnabled=true, noReset=true, warnings={}, databaseEnabled=false, deviceName=7N2SQL151H030980, ignoreUnimportantViews=true, platform=LINUX, desired={app=D:/Work/apks/BApp_2.apk, setWebContentsDebuggingEnabled=true, noReset=true, newCommandTimeout=300, unicodeKeyboard=true, platformName=Android, deviceName=eda6d8a9, resetKeyboard=true, ignoreUnimportantViews=true}, newCommandTimeout=300, platformVersion=5.1.1, webStorageEnabled=false, locationContextEnabled=false, browserName=Android, takesScreenshot=true, javascriptEnabled=true, unicodeKeyboard=true, platformName=Android, resetKeyboard=true}]
Session ID: 115b3fc3-e913-49a0-8751-3acf959a9a55
*** Element info: {Using=-android uiautomator, value=new UiSelector().resourceId("com.twl.qichechaoren_business:id/bt_pay").instance(0)}
	at org.openqa.selenium.remote.ErrorHandler.createThrowable(ErrorHandler.java:206)
	at org.openqa.selenium.remote.ErrorHandler.throwIfResponseFailed(ErrorHandler.java:158)
	at org.openqa.selenium.remote.RemoteWebDriver.execute(RemoteWebDriver.java:647)
	at io.appium.java_client.DefaultGenericMobileDriver.execute(DefaultGenericMobileDriver.java:43)
	at io.appium.java_client.AppiumDriver.execute(AppiumDriver.java:1)
	at io.appium.java_client.android.AndroidDriver.execute(AndroidDriver.java:1)
	at org.openqa.selenium.remote.RemoteWebDriver.findElement(RemoteWebDriver.java:353)
	at io.appium.java_client.android.AndroidDriver.findElementByAndroidUIAutomator(AndroidDriver.java:324)
	at baseClass.AppUiBaseDevice.getEle(AppUiBaseDevice.java:176)
	at baseClass.AppUiBaseDevice.toClick(AppUiBaseDevice.java:316)
	at qccr.performance.b.PerformanceClientB.b_performance(PerformanceClientB.java:20)
... Removed 28 stack frames]]>
    </failure>
  </testcase> <!-- b_performance -->
</testsuite> <!-- performance test B -->
