<?xml version="1.0" encoding="UTF-8"?>
<testsuite name="smokeTest"
           tests="3"
           failures="0"
           errors="0"
           skipped="0"
           time="12.650">
  <properties />
  
  
            <testcase name="testExceptionNo" time="0.186" classname="smoke.b.qccr.ExceptionOrders_NormalTest" />
                <testcase name="testExceptionName" time="5.720" classname="smoke.b.qccr.ExceptionOrders_NormalTest" />
                <testcase name="testExceptionPrice" time="6.744" classname="smoke.b.qccr.ExceptionOrders_NormalTest" />
      
</testsuite>
