<?xml version="1.0" encoding="UTF-8"?>
<testsuite name="smokeTest"
           tests="4"
           failures="0"
           errors="0"
           skipped="0"
           time="8.277">
  <properties />
  
  
            <testcase name="testToday_server_name" time="0.034" classname="smoke.b.qccr.VerificationRecordsToday_NormalTest" />
                <testcase name="testToday_sprice" time="3.214" classname="smoke.b.qccr.VerificationRecordsToday_NormalTest" />
                <testcase name="testToday_countNum" time="4.944" classname="smoke.b.qccr.VerificationRecordsToday_NormalTest" />
                <testcase name="testToday_no" time="0.085" classname="smoke.b.qccr.VerificationRecordsToday_NormalTest" />
      
</testsuite>
