<?xml version="1.0" encoding="UTF-8"?>
<testsuite name="smokeTest"
           tests="4"
           failures="0"
           errors="0"
           skipped="0"
           time="7.877">
  <properties />
  
  
            <testcase name="testWeek_no" time="0.047" classname="smoke.b.qccr.VerificationRecordsWeek_NormalTest" />
                <testcase name="testWeek_countNum" time="4.500" classname="smoke.b.qccr.VerificationRecordsWeek_NormalTest" />
                <testcase name="testWeek_server_name" time="0.120" classname="smoke.b.qccr.VerificationRecordsWeek_NormalTest" />
                <testcase name="testWeek_sprice" time="3.210" classname="smoke.b.qccr.VerificationRecordsWeek_NormalTest" />
      
</testsuite>
