<?xml version="1.0" encoding="UTF-8"?>
<testsuite name="smokeTest"
           tests="4"
           failures="0"
           errors="0"
           skipped="0"
           time="7.615">
  <properties />
  
  
            <testcase name="testTotal_nomey" time="3.302" classname="smoke.b.qccr.TikuanMoney_NormalTest" />
                <testcase name="testAbnormal_money" time="3.652" classname="smoke.b.qccr.TikuanMoney_NormalTest" />
                <testcase name="testAudit_money" time="0.276" classname="smoke.b.qccr.TikuanMoney_NormalTest" />
                <testcase name="testMoney_total" time="0.385" classname="smoke.b.qccr.TikuanMoney_NormalTest" />
      
</testsuite>
