<?xml version="1.0" encoding="UTF-8"?>
<testng-results skipped="0" failed="1" total="1" passed="0">
  <reporter-output>
  </reporter-output>
  <suite name="Performance Test" duration-ms="41905" started-at="2016-12-02T01:48:18Z" finished-at="2016-12-02T01:49:00Z">
    <groups>
    </groups>
    <test name="performance test B" duration-ms="41905" started-at="2016-12-02T01:48:18Z" finished-at="2016-12-02T01:49:00Z">
      <class name="qccr.performance.b.PerformanceClientB">
        <test-method status="PASS" signature="initConnection(java.lang.String, java.lang.String, java.lang.String, java.lang.String, java.lang.String)[pri:0, instance:qccr.performance.b.PerformanceClientB@4c40b76e]" name="initConnection" is-config="true" duration-ms="9604" started-at="2016-12-02T09:48:18Z" finished-at="2016-12-02T09:48:27Z">
          <params>
            <param index="0">
              <value>
                <![CDATA[eda6d8a9]]>
              </value>
            </param>
            <param index="1">
              <value>
                <![CDATA[D:/Work/apks/BApp_2.apk]]>
              </value>
            </param>
            <param index="2">
              <value>
                <![CDATA[com.twl.qichechaoren_business]]>
              </value>
            </param>
            <param index="3">
              <value>
                <![CDATA[.usercommon.activity.SplashActivity]]>
              </value>
            </param>
            <param index="4">
              <value>
                <![CDATA[http://127.0.0.1:4723/wd/hub]]>
              </value>
            </param>
          </params>
          <reporter-output>
          </reporter-output>
        </test-method> <!-- initConnection -->
        <test-method status="FAIL" signature="b_performance()[pri:0, instance:qccr.performance.b.PerformanceClientB@4c40b76e]" name="b_performance" duration-ms="22057" started-at="2016-12-02T09:48:27Z" finished-at="2016-12-02T09:48:49Z">
          <exception class="org.openqa.selenium.NoSuchElementException">
            <message>
              <![CDATA[An element could not be located on the page using the given search parameters. (WARNING: The server did not provide any stacktrace information)
Command duration or timeout: 10.33 seconds
For documentation on this error, please visit: http://seleniumhq.org/exceptions/no_such_element.html
Build info: version: '2.48.2', revision: '41bccdd10cf2c0560f637404c2d96164b67d9d67', time: '2015-10-09 13:08:06'
System info: host: 'TWL20160304004', ip: '10.10.20.89', os.name: 'Windows 10', os.arch: 'amd64', os.version: '10.0', java.version: '1.8.0_77'
Driver info: io.appium.java_client.android.AndroidDriver
Capabilities [{app=D:/Work/apks/BApp_2.apk, networkConnectionEnabled=true, setWebContentsDebuggingEnabled=true, noReset=true, warnings={}, databaseEnabled=false, deviceName=7N2SQL151H030980, ignoreUnimportantViews=true, platform=LINUX, desired={app=D:/Work/apks/BApp_2.apk, setWebContentsDebuggingEnabled=true, noReset=true, newCommandTimeout=300, unicodeKeyboard=true, platformName=Android, deviceName=eda6d8a9, resetKeyboard=true, ignoreUnimportantViews=true}, newCommandTimeout=300, platformVersion=5.1.1, webStorageEnabled=false, locationContextEnabled=false, browserName=Android, takesScreenshot=true, javascriptEnabled=true, unicodeKeyboard=true, platformName=Android, resetKeyboard=true}]
Session ID: 115b3fc3-e913-49a0-8751-3acf959a9a55
*** Element info: {Using=-android uiautomator, value=new UiSelector().resourceId("com.twl.qichechaoren_business:id/bt_pay").instance(0)}]]>
            </message>
            <full-stacktrace>
              <![CDATA[org.openqa.selenium.NoSuchElementException: An element could not be located on the page using the given search parameters. (WARNING: The server did not provide any stacktrace information)
Command duration or timeout: 10.33 seconds
For documentation on this error, please visit: http://seleniumhq.org/exceptions/no_such_element.html
Build info: version: '2.48.2', revision: '41bccdd10cf2c0560f637404c2d96164b67d9d67', time: '2015-10-09 13:08:06'
System info: host: 'TWL20160304004', ip: '10.10.20.89', os.name: 'Windows 10', os.arch: 'amd64', os.version: '10.0', java.version: '1.8.0_77'
Driver info: io.appium.java_client.android.AndroidDriver
Capabilities [{app=D:/Work/apks/BApp_2.apk, networkConnectionEnabled=true, setWebContentsDebuggingEnabled=true, noReset=true, warnings={}, databaseEnabled=false, deviceName=7N2SQL151H030980, ignoreUnimportantViews=true, platform=LINUX, desired={app=D:/Work/apks/BApp_2.apk, setWebContentsDebuggingEnabled=true, noReset=true, newCommandTimeout=300, unicodeKeyboard=true, platformName=Android, deviceName=eda6d8a9, resetKeyboard=true, ignoreUnimportantViews=true}, newCommandTimeout=300, platformVersion=5.1.1, webStorageEnabled=false, locationContextEnabled=false, browserName=Android, takesScreenshot=true, javascriptEnabled=true, unicodeKeyboard=true, platformName=Android, resetKeyboard=true}]
Session ID: 115b3fc3-e913-49a0-8751-3acf959a9a55
*** Element info: {Using=-android uiautomator, value=new UiSelector().resourceId("com.twl.qichechaoren_business:id/bt_pay").instance(0)}
	at sun.reflect.NativeConstructorAccessorImpl.newInstance0(Native Method)
	at sun.reflect.NativeConstructorAccessorImpl.newInstance(Unknown Source)
	at sun.reflect.DelegatingConstructorAccessorImpl.newInstance(Unknown Source)
	at java.lang.reflect.Constructor.newInstance(Unknown Source)
	at org.openqa.selenium.remote.ErrorHandler.createThrowable(ErrorHandler.java:206)
	at org.openqa.selenium.remote.ErrorHandler.throwIfResponseFailed(ErrorHandler.java:158)
	at org.openqa.selenium.remote.RemoteWebDriver.execute(RemoteWebDriver.java:647)
	at io.appium.java_client.DefaultGenericMobileDriver.execute(DefaultGenericMobileDriver.java:43)
	at io.appium.java_client.AppiumDriver.execute(AppiumDriver.java:1)
	at io.appium.java_client.android.AndroidDriver.execute(AndroidDriver.java:1)
	at org.openqa.selenium.remote.RemoteWebDriver.findElement(RemoteWebDriver.java:353)
	at io.appium.java_client.android.AndroidDriver.findElementByAndroidUIAutomator(AndroidDriver.java:324)
	at baseClass.AppUiBaseDevice.getEle(AppUiBaseDevice.java:176)
	at baseClass.AppUiBaseDevice.toClick(AppUiBaseDevice.java:316)
	at qccr.performance.b.PerformanceClientB.b_performance(PerformanceClientB.java:20)
	at sun.reflect.NativeMethodAccessorImpl.invoke0(Native Method)
	at sun.reflect.NativeMethodAccessorImpl.invoke(Unknown Source)
	at sun.reflect.DelegatingMethodAccessorImpl.invoke(Unknown Source)
	at java.lang.reflect.Method.invoke(Unknown Source)
	at org.testng.internal.MethodInvocationHelper.invokeMethod(MethodInvocationHelper.java:84)
	at org.testng.internal.Invoker.invokeMethod(Invoker.java:714)
	at org.testng.internal.Invoker.invokeTestMethod(Invoker.java:901)
	at org.testng.internal.Invoker.invokeTestMethods(Invoker.java:1231)
	at org.testng.internal.TestMethodWorker.invokeTestMethods(TestMethodWorker.java:127)
	at org.testng.internal.TestMethodWorker.run(TestMethodWorker.java:111)
	at org.testng.TestRunner.privateRun(TestRunner.java:767)
	at org.testng.TestRunner.run(TestRunner.java:617)
	at org.testng.SuiteRunner.runTest(SuiteRunner.java:334)
	at org.testng.SuiteRunner.runSequentially(SuiteRunner.java:329)
	at org.testng.SuiteRunner.privateRun(SuiteRunner.java:291)
	at org.testng.SuiteRunner.run(SuiteRunner.java:240)
	at org.testng.SuiteRunnerWorker.runSuite(SuiteRunnerWorker.java:52)
	at org.testng.SuiteRunnerWorker.run(SuiteRunnerWorker.java:86)
	at org.testng.TestNG.runSuitesSequentially(TestNG.java:1224)
	at org.testng.TestNG.runSuitesLocally(TestNG.java:1149)
	at org.testng.TestNG.run(TestNG.java:1057)
	at org.testng.remote.AbstractRemoteTestNG.run(AbstractRemoteTestNG.java:126)
	at org.testng.remote.RemoteTestNG.initAndRun(RemoteTestNG.java:152)
	at org.testng.remote.RemoteTestNG.main(RemoteTestNG.java:57)
]]>
            </full-stacktrace>
          </exception> <!-- org.openqa.selenium.NoSuchElementException -->
          <reporter-output>
          </reporter-output>
        </test-method> <!-- b_performance -->
        <test-method status="PASS" signature="tearDown()[pri:0, instance:qccr.performance.b.PerformanceClientB@4c40b76e]" name="tearDown" is-config="true" duration-ms="7158" started-at="2016-12-02T09:48:52Z" finished-at="2016-12-02T09:49:00Z">
          <reporter-output>
          </reporter-output>
        </test-method> <!-- tearDown -->
      </class> <!-- qccr.performance.b.PerformanceClientB -->
    </test> <!-- performance test B -->
  </suite> <!-- Performance Test -->
</testng-results>
